[0.010s] Invoking command in '/home/zoupeng/teamclimber_workspace/build/teamclimber_challenge': CMAKE_PREFIX_PATH=${CMAKE_PREFIX_PATH}:/opt/ros/humble /usr/bin/cmake --build /home/zoupeng/teamclimber_workspace/build/teamclimber_challenge -- -j32 -l32
[0.052s] [35m[1mConsolidate compiler generated dependencies of target vision_node[0m
[0.071s] [ 25%] [32mBuilding CXX object CMakeFiles/vision_node.dir/src/vision_node.cpp.o[0m
[0.071s] [ 50%] [32mBuilding CXX object CMakeFiles/vision_node.dir/src/shape_tools.cpp.o[0m
[0.071s] [ 75%] [32mBuilding CXX object CMakeFiles/vision_node.dir/src/image_deal.cpp.o[0m
[2.078s] [01m[K/home/zoupeng/teamclimber_workspace/src/teamclimber_challenge/src/shape_tools.cpp:3:26:[m[K [01;31m[Kerror: [m[Kinvalid declarator before â€˜[01m[Kshape_tools[m[Kâ€™
[2.078s]     3 | std::vector<cv::Point2f> [01;31m[Kshape_tools[m[K::calculateStableSpherePoints(const cv::Point2f &center,float radius)
[2.078s]       |                          [01;31m[K^~~~~~~~~~~[m[K
[2.085s] In file included from [01m[K/home/zoupeng/teamclimber_workspace/src/teamclimber_challenge/include/image_deal.h:19[m[K,
[2.085s]                  from [01m[K/home/zoupeng/teamclimber_workspace/src/teamclimber_challenge/src/image_deal.cpp:1[m[K:
[2.085s] [01m[K/home/zoupeng/teamclimber_workspace/src/teamclimber_challenge/include/shape_tools.h:23:2:[m[K [01;31m[Kerror: [m[Kexpected â€˜[01m[K;[m[Kâ€™ after class definition
[2.085s]    23 | }
[2.085s]       |  [01;31m[K^[m[K
[2.085s]       |  [32m[K;[m[K
[2.101s] In file included from [01m[K/home/zoupeng/teamclimber_workspace/src/teamclimber_challenge/include/image_deal.h:19[m[K,
[2.101s]                  from [01m[K/home/zoupeng/teamclimber_workspace/src/teamclimber_challenge/src/vision_node.cpp:16[m[K:
[2.101s] [01m[K/home/zoupeng/teamclimber_workspace/src/teamclimber_challenge/include/shape_tools.h:23:2:[m[K [01;31m[Kerror: [m[Kexpected â€˜[01m[K;[m[Kâ€™ after class definition
[2.101s]    23 | }
[2.101s]       |  [01;31m[K^[m[K
[2.101s]       |  [32m[K;[m[K
[2.122s] [01m[K/home/zoupeng/teamclimber_workspace/src/teamclimber_challenge/src/image_deal.cpp:[m[K In member function â€˜[01m[Kvoid vision_node::callback_camera(sensor_msgs::msg::Image_<std::allocator<void> >::SharedPtr)[m[Kâ€™:
[2.123s] [01m[K/home/zoupeng/teamclimber_workspace/src/teamclimber_challenge/src/image_deal.cpp:78:53:[m[K [01;31m[Kerror: [m[Kâ€˜[01m[Kstatic std::vector<cv::Point_<float> > shape_tools::calculateStableSpherePoints(const Point2f&, float)[m[Kâ€™ is private within this context
[2.123s]    78 |             [01;31m[Kshape_tools::calculateStableSpherePoints(center, radius)[m[K;
[2.123s]       |             [01;31m[K~~~~~~~~~~~~~~~~~~~~~~~~~~~~~~~~~~~~~~~~^~~~~~~~~~~~~~~~[m[K
[2.123s] In file included from [01m[K/home/zoupeng/teamclimber_workspace/src/teamclimber_challenge/include/image_deal.h:19[m[K,
[2.123s]                  from [01m[K/home/zoupeng/teamclimber_workspace/src/teamclimber_challenge/src/image_deal.cpp:1[m[K:
[2.123s] [01m[K/home/zoupeng/teamclimber_workspace/src/teamclimber_challenge/include/shape_tools.h:22:37:[m[K [01;36m[Knote: [m[Kdeclared private here
[2.123s]    22 |     static std::vector<cv::Point2f> [01;36m[KcalculateStableSpherePoints[m[K(const cv::Point2f &center, float radius);
[2.123s]       |                                     [01;36m[K^~~~~~~~~~~~~~~~~~~~~~~~~~~[m[K
[2.523s] gmake[2]: *** [CMakeFiles/vision_node.dir/build.make:104ï¼šCMakeFiles/vision_node.dir/src/shape_tools.cpp.o] é”™è¯¯ 1
[2.523s] gmake[2]: *** æ­£åœ¨ç­‰å¾…æœªå®Œæˆçš„ä»»åŠ¡....
[3.365s] gmake[2]: *** [CMakeFiles/vision_node.dir/build.make:90ï¼šCMakeFiles/vision_node.dir/src/image_deal.cpp.o] é”™è¯¯ 1
[3.431s] gmake[2]: *** [CMakeFiles/vision_node.dir/build.make:76ï¼šCMakeFiles/vision_node.dir/src/vision_node.cpp.o] é”™è¯¯ 1
[3.431s] gmake[1]: *** [CMakeFiles/Makefile2:137ï¼šCMakeFiles/vision_node.dir/all] é”™è¯¯ 2
[3.431s] gmake: *** [Makefile:146ï¼šall] é”™è¯¯ 2
[3.433s] Invoked command in '/home/zoupeng/teamclimber_workspace/build/teamclimber_challenge' returned '2': CMAKE_PREFIX_PATH=${CMAKE_PREFIX_PATH}:/opt/ros/humble /usr/bin/cmake --build /home/zoupeng/teamclimber_workspace/build/teamclimber_challenge -- -j32 -l32
