[0.009s] Invoking command in '/home/zoupeng/teamclimber_workspace/build/teamclimber_challenge': CMAKE_PREFIX_PATH=${CMAKE_PREFIX_PATH}:/opt/ros/humble /usr/bin/cmake --build /home/zoupeng/teamclimber_workspace/build/teamclimber_challenge -- -j32 -l32
[0.034s] -- Found ament_cmake: 1.3.12 (/opt/ros/humble/share/ament_cmake/cmake)
[0.124s] -- Found rclcpp: 16.0.15 (/opt/ros/humble/share/rclcpp/cmake)
[0.145s] -- Found rosidl_generator_c: 3.1.7 (/opt/ros/humble/share/rosidl_generator_c/cmake)
[0.147s] -- Found rosidl_adapter: 3.1.7 (/opt/ros/humble/share/rosidl_adapter/cmake)
[0.151s] -- Found rosidl_generator_cpp: 3.1.7 (/opt/ros/humble/share/rosidl_generator_cpp/cmake)
[0.158s] -- Using all available rosidl_typesupport_c: rosidl_typesupport_fastrtps_c;rosidl_typesupport_introspection_c
[0.166s] -- Using all available rosidl_typesupport_cpp: rosidl_typesupport_fastrtps_cpp;rosidl_typesupport_introspection_cpp
[0.188s] -- Found rmw_implementation_cmake: 6.1.2 (/opt/ros/humble/share/rmw_implementation_cmake/cmake)
[0.189s] -- Found rmw_fastrtps_cpp: 6.2.9 (/opt/ros/humble/share/rmw_fastrtps_cpp/cmake)
[0.286s] -- Using RMW implementation 'rmw_fastrtps_cpp' as default
[0.319s] -- Found gazebo_msgs: 3.9.0 (/opt/ros/humble/share/gazebo_msgs/cmake)
[0.357s] -- Found cv_bridge: 3.2.1 (/opt/ros/humble/share/cv_bridge/cmake)
[0.371s] -- Found referee_pkg: 0.0.0 (/home/zoupeng/Vision_Arena_2025/install/referee_pkg/share/referee_pkg/cmake)
[0.380s] -- Found pose_msg: 0.0.0 (/home/zoupeng/Vision_Arena_2025/install/pose_msg/share/pose_msg/cmake)
[0.390s] -- Found ament_lint_auto: 0.12.14 (/opt/ros/humble/share/ament_lint_auto/cmake)
[0.437s] -- Added test 'cppcheck' to perform static code analysis on C / C++ code
[0.437s] -- Configured cppcheck include dirs: /home/zoupeng/teamclimber_workspace/src/teamclimber_challenge/include
[0.437s] -- Configured cppcheck exclude dirs and/or files: 
[0.437s] -- Added test 'flake8' to check Python code syntax and style conventions
[0.438s] -- Added test 'lint_cmake' to check CMake code style
[0.438s] -- Added test 'pep257' to check Python code against some of the docstring style conventions in PEP 257
[0.439s] -- Added test 'uncrustify' to check C / C++ code style
[0.439s] -- Configured uncrustify additional arguments: 
[0.439s] -- Added test 'xmllint' to check XML markup files
[0.439s] -- Configuring done
[0.450s] -- Generating done
[0.452s] -- Build files have been written to: /home/zoupeng/teamclimber_workspace/build/teamclimber_challenge
[0.475s] [35m[1mConsolidate compiler generated dependencies of target vision_node[0m
[0.497s] [ 50%] [32mBuilding CXX object CMakeFiles/vision_node.dir/src/image_deal.cpp.o[0m
[0.497s] [ 50%] [32mBuilding CXX object CMakeFiles/vision_node.dir/src/shape_tools.cpp.o[0m
[0.497s] [ 75%] [32mBuilding CXX object CMakeFiles/vision_node.dir/src/vision_node.cpp.o[0m
[2.376s] In file included from [01m[K/home/zoupeng/teamclimber_workspace/src/teamclimber_challenge/include/image_deal.h:19[m[K,
[2.376s]                  from [01m[K/home/zoupeng/teamclimber_workspace/src/teamclimber_challenge/src/image_deal.cpp:1[m[K:
[2.376s] [01m[K/home/zoupeng/teamclimber_workspace/src/teamclimber_challenge/include/shape_tools.h:23:2:[m[K [01;31m[Kerror: [m[Kexpected ‚Äò[01m[K;[m[K‚Äô after class definition
[2.376s]    23 | }
[2.376s]       |  [01;31m[K^[m[K
[2.376s]       |  [32m[K;[m[K
[2.382s] In file included from [01m[K/home/zoupeng/teamclimber_workspace/src/teamclimber_challenge/include/image_deal.h:19[m[K,
[2.382s]                  from [01m[K/home/zoupeng/teamclimber_workspace/src/teamclimber_challenge/src/vision_node.cpp:16[m[K:
[2.382s] [01m[K/home/zoupeng/teamclimber_workspace/src/teamclimber_challenge/include/shape_tools.h:23:2:[m[K [01;31m[Kerror: [m[Kexpected ‚Äò[01m[K;[m[K‚Äô after class definition
[2.382s]    23 | }
[2.382s]       |  [01;31m[K^[m[K
[2.382s]       |  [32m[K;[m[K
[2.413s] [01m[K/home/zoupeng/teamclimber_workspace/src/teamclimber_challenge/src/image_deal.cpp:[m[K In member function ‚Äò[01m[Kvoid vision_node::callback_camera(sensor_msgs::msg::Image_<std::allocator<void> >::SharedPtr)[m[K‚Äô:
[2.413s] [01m[K/home/zoupeng/teamclimber_workspace/src/teamclimber_challenge/src/image_deal.cpp:78:53:[m[K [01;31m[Kerror: [m[K‚Äò[01m[Kstatic std::vector<cv::Point_<float> > shape_tools::calculateStableSpherePoints(const Point2f&, float)[m[K‚Äô is private within this context
[2.413s]    78 |             [01;31m[Kshape_tools::calculateStableSpherePoints(center, radius)[m[K;
[2.413s]       |             [01;31m[K~~~~~~~~~~~~~~~~~~~~~~~~~~~~~~~~~~~~~~~~^~~~~~~~~~~~~~~~[m[K
[2.413s] In file included from [01m[K/home/zoupeng/teamclimber_workspace/src/teamclimber_challenge/include/image_deal.h:19[m[K,
[2.413s]                  from [01m[K/home/zoupeng/teamclimber_workspace/src/teamclimber_challenge/src/image_deal.cpp:1[m[K:
[2.413s] [01m[K/home/zoupeng/teamclimber_workspace/src/teamclimber_challenge/include/shape_tools.h:22:37:[m[K [01;36m[Knote: [m[Kdeclared private here
[2.413s]    22 |     static std::vector<cv::Point2f> [01;36m[KcalculateStableSpherePoints[m[K(const cv::Point2f &center, float radius);
[2.413s]       |                                     [01;36m[K^~~~~~~~~~~~~~~~~~~~~~~~~~~[m[K
[3.605s] gmake[2]: *** [CMakeFiles/vision_node.dir/build.make:90ÔºöCMakeFiles/vision_node.dir/src/image_deal.cpp.o] ÈîôËØØ 1
[3.605s] gmake[2]: *** Ê≠£Âú®Á≠âÂæÖÊú™ÂÆåÊàêÁöÑ‰ªªÂä°....
[3.645s] gmake[2]: *** [CMakeFiles/vision_node.dir/build.make:76ÔºöCMakeFiles/vision_node.dir/src/vision_node.cpp.o] ÈîôËØØ 1
[3.646s] gmake[1]: *** [CMakeFiles/Makefile2:137ÔºöCMakeFiles/vision_node.dir/all] ÈîôËØØ 2
[3.646s] gmake: *** [Makefile:146Ôºöall] ÈîôËØØ 2
[3.648s] Invoked command in '/home/zoupeng/teamclimber_workspace/build/teamclimber_challenge' returned '2': CMAKE_PREFIX_PATH=${CMAKE_PREFIX_PATH}:/opt/ros/humble /usr/bin/cmake --build /home/zoupeng/teamclimber_workspace/build/teamclimber_challenge -- -j32 -l32
