[0.010s] Invoking command in '/home/zoupeng/teamclimber_workspace/build/teamclimber_challenge': CMAKE_PREFIX_PATH=${CMAKE_PREFIX_PATH}:/opt/ros/humble /usr/bin/cmake --build /home/zoupeng/teamclimber_workspace/build/teamclimber_challenge -- -j32 -l32
[0.052s] [35m[1mConsolidate compiler generated dependencies of target vision_node[0m
[0.072s] [ 25%] [32mBuilding CXX object CMakeFiles/vision_node.dir/src/vision_node.cpp.o[0m
[0.073s] [ 50%] [32mBuilding CXX object CMakeFiles/vision_node.dir/src/image_deal.cpp.o[0m
[0.074s] [ 75%] [32mBuilding CXX object CMakeFiles/vision_node.dir/src/shape_tools.cpp.o[0m
[2.054s] In file included from [01m[K/home/zoupeng/teamclimber_workspace/src/teamclimber_challenge/include/image_deal.h:19[m[K,
[2.054s]                  from [01m[K/home/zoupeng/teamclimber_workspace/src/teamclimber_challenge/src/image_deal.cpp:1[m[K:
[2.054s] [01m[K/home/zoupeng/teamclimber_workspace/src/teamclimber_challenge/include/shape_tools.h:24:2:[m[K [01;31m[Kerror: [m[Kexpected â€˜[01m[K;[m[Kâ€™ after class definition
[2.054s]    24 | }
[2.054s]       |  [01;31m[K^[m[K
[2.054s]       |  [32m[K;[m[K
[2.068s] In file included from [01m[K/home/zoupeng/teamclimber_workspace/src/teamclimber_challenge/include/image_deal.h:19[m[K,
[2.068s]                  from [01m[K/home/zoupeng/teamclimber_workspace/src/teamclimber_challenge/src/vision_node.cpp:16[m[K:
[2.068s] [01m[K/home/zoupeng/teamclimber_workspace/src/teamclimber_challenge/include/shape_tools.h:24:2:[m[K [01;31m[Kerror: [m[Kexpected â€˜[01m[K;[m[Kâ€™ after class definition
[2.068s]    24 | }
[2.068s]       |  [01;31m[K^[m[K
[2.068s]       |  [32m[K;[m[K
[2.070s] [01m[K/home/zoupeng/teamclimber_workspace/src/teamclimber_challenge/src/shape_tools.cpp:3:26:[m[K [01;31m[Kerror: [m[Kinvalid declarator before â€˜[01m[Kshape_tools[m[Kâ€™
[2.070s]     3 | std::vector<cv::Point2f> [01;31m[Kshape_tools[m[K::calculateStableSpherePoints(const cv::Point2f &center,float radius)
[2.070s]       |                          [01;31m[K^~~~~~~~~~~[m[K
[2.506s] gmake[2]: *** [CMakeFiles/vision_node.dir/build.make:104ï¼šCMakeFiles/vision_node.dir/src/shape_tools.cpp.o] é”™è¯¯ 1
[2.506s] gmake[2]: *** æ­£åœ¨ç­‰å¾…æœªå®Œæˆçš„ä»»åŠ¡....
[3.309s] gmake[2]: *** [CMakeFiles/vision_node.dir/build.make:90ï¼šCMakeFiles/vision_node.dir/src/image_deal.cpp.o] é”™è¯¯ 1
[3.361s] gmake[2]: *** [CMakeFiles/vision_node.dir/build.make:76ï¼šCMakeFiles/vision_node.dir/src/vision_node.cpp.o] é”™è¯¯ 1
[3.361s] gmake[1]: *** [CMakeFiles/Makefile2:137ï¼šCMakeFiles/vision_node.dir/all] é”™è¯¯ 2
[3.361s] gmake: *** [Makefile:146ï¼šall] é”™è¯¯ 2
[3.363s] Invoked command in '/home/zoupeng/teamclimber_workspace/build/teamclimber_challenge' returned '2': CMAKE_PREFIX_PATH=${CMAKE_PREFIX_PATH}:/opt/ros/humble /usr/bin/cmake --build /home/zoupeng/teamclimber_workspace/build/teamclimber_challenge -- -j32 -l32
